0 verbose cli /home/shubh/.nvm/versions/node/v22.14.0/bin/node /home/shubh/.nvm/versions/node/v22.14.0/lib/node_modules/npm/bin/npm-cli.js
1 info using npm@10.9.2
2 info using node@v22.14.0
3 silly config load:file:/home/shubh/.nvm/versions/node/v22.14.0/lib/node_modules/npm/npmrc
4 silly config load:file:/home/shubh/dev/.npmrc
5 silly config load:file:/home/shubh/.npmrc
6 silly config load:file:/home/shubh/.nvm/versions/node/v22.14.0/etc/npmrc
7 verbose title npm exec serve
8 verbose argv "exec" "--" "serve"
9 verbose logfile logs-max:10 dir:/home/shubh/.npm/_logs/2025-04-20T21_30_35_971Z-
10 verbose logfile /home/shubh/.npm/_logs/2025-04-20T21_30_35_971Z-debug-0.log
11 silly logfile start cleaning logs, removing 1 files
12 silly logfile done cleaning log files
13 silly packumentCache heap:2197815296 maxSize:549453824 maxEntrySize:274726912
14 http fetch GET 200 https://registry.npmjs.org/serve 224ms (cache miss)
15 silly packumentCache heap:2197815296 maxSize:549453824 maxEntrySize:274726912
16 silly packumentCache heap:2197815296 maxSize:549453824 maxEntrySize:274726912
17 silly idealTree buildDeps
18 silly fetch manifest serve@14.2.4
19 silly packumentCache full:https://registry.npmjs.org/serve cache-miss
20 http fetch GET 200 https://registry.npmjs.org/serve 89ms (cache miss)
21 silly packumentCache full:https://registry.npmjs.org/serve set size:undefined disposed:false
22 silly placeDep ROOT serve@14.2.4 OK for:  want: 14.2.4
23 silly fetch manifest ajv@8.12.0
24 silly packumentCache full:https://registry.npmjs.org/ajv cache-miss
25 silly fetch manifest arg@5.0.2
26 silly packumentCache full:https://registry.npmjs.org/arg cache-miss
27 silly fetch manifest boxen@7.0.0
28 silly packumentCache full:https://registry.npmjs.org/boxen cache-miss
29 silly fetch manifest chalk@5.0.1
30 silly packumentCache full:https://registry.npmjs.org/chalk cache-miss
31 silly fetch manifest clipboardy@3.0.0
32 silly packumentCache full:https://registry.npmjs.org/clipboardy cache-miss
33 silly fetch manifest compression@1.7.4
34 silly packumentCache full:https://registry.npmjs.org/compression cache-miss
35 silly fetch manifest update-check@1.5.4
36 silly packumentCache full:https://registry.npmjs.org/update-check cache-miss
37 silly fetch manifest @zeit/schemas@2.36.0
38 silly packumentCache full:https://registry.npmjs.org/@zeit%2fschemas cache-miss
39 silly fetch manifest serve-handler@6.1.6
40 silly packumentCache full:https://registry.npmjs.org/serve-handler cache-miss
41 silly fetch manifest chalk-template@0.4.0
42 silly packumentCache full:https://registry.npmjs.org/chalk-template cache-miss
43 silly fetch manifest is-port-reachable@4.0.0
44 silly packumentCache full:https://registry.npmjs.org/is-port-reachable cache-miss
45 http fetch GET 200 https://registry.npmjs.org/ajv 110ms (cache miss)
46 silly packumentCache full:https://registry.npmjs.org/ajv set size:undefined disposed:false
47 http fetch GET 200 https://registry.npmjs.org/arg 154ms (cache miss)
48 silly packumentCache full:https://registry.npmjs.org/arg set size:undefined disposed:false
49 http fetch GET 200 https://registry.npmjs.org/clipboardy 203ms (cache miss)
50 silly packumentCache full:https://registry.npmjs.org/clipboardy set size:undefined disposed:false
51 http fetch GET 200 https://registry.npmjs.org/boxen 215ms (cache miss)
52 silly packumentCache full:https://registry.npmjs.org/boxen set size:undefined disposed:false
53 http fetch GET 200 https://registry.npmjs.org/compression 217ms (cache miss)
54 silly packumentCache full:https://registry.npmjs.org/compression set size:undefined disposed:false
55 http fetch GET 200 https://registry.npmjs.org/chalk 221ms (cache updated)
56 silly packumentCache full:https://registry.npmjs.org/chalk set size:undefined disposed:false
57 http fetch GET 200 https://registry.npmjs.org/is-port-reachable 220ms (cache miss)
58 silly packumentCache full:https://registry.npmjs.org/is-port-reachable set size:undefined disposed:false
59 http fetch GET 200 https://registry.npmjs.org/chalk-template 224ms (cache miss)
60 silly packumentCache full:https://registry.npmjs.org/chalk-template set size:undefined disposed:false
61 http fetch GET 200 https://registry.npmjs.org/serve-handler 229ms (cache miss)
62 silly packumentCache full:https://registry.npmjs.org/serve-handler set size:undefined disposed:false
63 http fetch GET 200 https://registry.npmjs.org/@zeit%2fschemas 485ms (cache miss)
64 silly packumentCache full:https://registry.npmjs.org/@zeit%2fschemas set size:undefined disposed:false
65 http fetch GET 200 https://registry.npmjs.org/update-check 1046ms (cache miss)
66 silly packumentCache full:https://registry.npmjs.org/update-check set size:undefined disposed:false
67 silly placeDep ROOT @zeit/schemas@2.36.0 OK for: serve@14.2.4 want: 2.36.0
68 silly placeDep ROOT ajv@8.12.0 OK for: serve@14.2.4 want: 8.12.0
69 silly placeDep ROOT arg@5.0.2 OK for: serve@14.2.4 want: 5.0.2
70 silly placeDep ROOT boxen@7.0.0 OK for: serve@14.2.4 want: 7.0.0
71 silly placeDep ROOT chalk@5.0.1 OK for: serve@14.2.4 want: 5.0.1
72 silly placeDep ROOT chalk-template@0.4.0 OK for: serve@14.2.4 want: 0.4.0
73 silly placeDep ROOT clipboardy@3.0.0 OK for: serve@14.2.4 want: 3.0.0
74 silly placeDep ROOT compression@1.7.4 OK for: serve@14.2.4 want: 1.7.4
75 silly placeDep ROOT is-port-reachable@4.0.0 OK for: serve@14.2.4 want: 4.0.0
76 silly placeDep ROOT serve-handler@6.1.6 OK for: serve@14.2.4 want: 6.1.6
77 silly placeDep ROOT update-check@1.5.4 OK for: serve@14.2.4 want: 1.5.4
78 silly fetch manifest uri-js@^4.2.2
79 silly packumentCache full:https://registry.npmjs.org/uri-js cache-miss
80 silly fetch manifest fast-deep-equal@^3.1.1
81 silly packumentCache full:https://registry.npmjs.org/fast-deep-equal cache-miss
82 silly fetch manifest require-from-string@^2.0.2
83 silly packumentCache full:https://registry.npmjs.org/require-from-string cache-miss
84 silly fetch manifest json-schema-traverse@^1.0.0
85 silly packumentCache full:https://registry.npmjs.org/json-schema-traverse cache-miss
86 silly fetch manifest chalk@^5.0.1
87 silly packumentCache full:https://registry.npmjs.org/chalk cache-miss
88 silly fetch manifest camelcase@^7.0.0
89 silly packumentCache full:https://registry.npmjs.org/camelcase cache-miss
90 silly fetch manifest cli-boxes@^3.0.0
91 silly packumentCache full:https://registry.npmjs.org/cli-boxes cache-miss
92 silly fetch manifest type-fest@^2.13.0
93 silly packumentCache full:https://registry.npmjs.org/type-fest cache-miss
94 silly fetch manifest wrap-ansi@^8.0.1
95 silly packumentCache full:https://registry.npmjs.org/wrap-ansi cache-miss
96 silly fetch manifest ansi-align@^3.0.1
97 silly packumentCache full:https://registry.npmjs.org/ansi-align cache-miss
98 silly fetch manifest widest-line@^4.0.1
99 silly packumentCache full:https://registry.npmjs.org/widest-line cache-miss
100 http cache https://registry.npmjs.org/chalk 19ms (cache hit)
101 silly packumentCache full:https://registry.npmjs.org/chalk set size:122561 disposed:false
102 silly fetch manifest string-width@^5.1.2
103 silly packumentCache full:https://registry.npmjs.org/string-width cache-miss
104 http fetch GET 200 https://registry.npmjs.org/camelcase 69ms (cache miss)
105 silly packumentCache full:https://registry.npmjs.org/camelcase set size:undefined disposed:false
106 silly fetch manifest chalk@^4.1.2
107 silly packumentCache full:https://registry.npmjs.org/chalk cache-hit
108 silly fetch manifest arch@^2.2.0
109 silly packumentCache full:https://registry.npmjs.org/arch cache-miss
110 http fetch GET 200 https://registry.npmjs.org/uri-js 73ms (cache miss)
111 silly packumentCache full:https://registry.npmjs.org/uri-js set size:undefined disposed:false
112 silly fetch manifest execa@^5.1.1
113 silly packumentCache full:https://registry.npmjs.org/execa cache-miss
114 http fetch GET 200 https://registry.npmjs.org/wrap-ansi 87ms (cache miss)
115 silly packumentCache full:https://registry.npmjs.org/wrap-ansi set size:undefined disposed:false
116 silly fetch manifest is-wsl@^2.2.0
117 silly packumentCache full:https://registry.npmjs.org/is-wsl cache-miss
118 http fetch GET 200 https://registry.npmjs.org/fast-deep-equal 91ms (cache miss)
119 silly packumentCache full:https://registry.npmjs.org/fast-deep-equal set size:undefined disposed:false
120 silly fetch manifest vary@~1.1.2
121 silly packumentCache full:https://registry.npmjs.org/vary cache-miss
122 http fetch GET 200 https://registry.npmjs.org/string-width 77ms (cache miss)
123 silly packumentCache full:https://registry.npmjs.org/string-width set size:undefined disposed:false
124 silly fetch manifest bytes@3.0.0
125 silly packumentCache full:https://registry.npmjs.org/bytes cache-miss
126 http fetch GET 200 https://registry.npmjs.org/widest-line 101ms (cache miss)
127 silly packumentCache full:https://registry.npmjs.org/widest-line set size:undefined disposed:false
128 silly fetch manifest debug@2.6.9
129 silly packumentCache full:https://registry.npmjs.org/debug cache-miss
130 http fetch GET 200 https://registry.npmjs.org/ansi-align 104ms (cache miss)
131 silly packumentCache full:https://registry.npmjs.org/ansi-align set size:undefined disposed:false
132 silly fetch manifest accepts@~1.3.5
133 silly packumentCache full:https://registry.npmjs.org/accepts cache-miss
134 http fetch GET 200 https://registry.npmjs.org/require-from-string 107ms (cache miss)
135 silly packumentCache full:https://registry.npmjs.org/require-from-string set size:undefined disposed:false
136 silly fetch manifest on-headers@~1.0.2
137 silly packumentCache full:https://registry.npmjs.org/on-headers cache-miss
138 http fetch GET 200 https://registry.npmjs.org/cli-boxes 109ms (cache miss)
139 silly packumentCache full:https://registry.npmjs.org/cli-boxes set size:undefined disposed:false
140 silly fetch manifest safe-buffer@5.1.2
141 silly packumentCache full:https://registry.npmjs.org/safe-buffer cache-miss
142 http fetch GET 200 https://registry.npmjs.org/json-schema-traverse 113ms (cache miss)
143 silly packumentCache full:https://registry.npmjs.org/json-schema-traverse set size:undefined disposed:false
144 silly fetch manifest compressible@~2.0.16
145 silly packumentCache full:https://registry.npmjs.org/compressible cache-miss
146 http fetch GET 200 https://registry.npmjs.org/type-fest 127ms (cache miss)
147 silly packumentCache full:https://registry.npmjs.org/type-fest set size:undefined disposed:false
148 silly fetch manifest bytes@3.0.0
149 silly packumentCache full:https://registry.npmjs.org/bytes cache-miss
150 http fetch GET 200 https://registry.npmjs.org/arch 79ms (cache miss)
151 silly packumentCache full:https://registry.npmjs.org/arch set size:undefined disposed:false
152 silly fetch manifest minimatch@3.1.2
153 silly packumentCache full:https://registry.npmjs.org/minimatch cache-miss
154 http fetch GET 200 https://registry.npmjs.org/is-wsl 68ms (cache miss)
155 silly packumentCache full:https://registry.npmjs.org/is-wsl set size:undefined disposed:false
156 silly fetch manifest mime-types@2.1.18
157 silly packumentCache full:https://registry.npmjs.org/mime-types cache-miss
158 http fetch GET 200 https://registry.npmjs.org/execa 89ms (cache miss)
159 silly packumentCache full:https://registry.npmjs.org/execa set size:undefined disposed:false
160 silly fetch manifest range-parser@1.2.0
161 silly packumentCache full:https://registry.npmjs.org/range-parser cache-miss
162 http fetch GET 200 https://registry.npmjs.org/vary 82ms (cache updated)
163 silly packumentCache full:https://registry.npmjs.org/vary set size:undefined disposed:false
164 silly fetch manifest path-is-inside@1.0.2
165 silly packumentCache full:https://registry.npmjs.org/path-is-inside cache-miss
166 http fetch GET 200 https://registry.npmjs.org/on-headers 68ms (cache miss)
167 silly packumentCache full:https://registry.npmjs.org/on-headers set size:undefined disposed:false
168 silly fetch manifest path-to-regexp@3.3.0
169 silly packumentCache full:https://registry.npmjs.org/path-to-regexp cache-miss
170 http fetch GET 200 https://registry.npmjs.org/safe-buffer 87ms (cache updated)
171 silly packumentCache full:https://registry.npmjs.org/safe-buffer set size:undefined disposed:false
172 silly fetch manifest content-disposition@0.5.2
173 silly packumentCache full:https://registry.npmjs.org/content-disposition cache-miss
174 http fetch GET 200 https://registry.npmjs.org/accepts 94ms (cache updated)
175 silly packumentCache full:https://registry.npmjs.org/accepts set size:undefined disposed:false
176 silly fetch manifest registry-auth-token@3.3.2
177 silly packumentCache full:https://registry.npmjs.org/registry-auth-token cache-miss
178 http fetch GET 200 https://registry.npmjs.org/debug 102ms (cache updated)
179 silly packumentCache full:https://registry.npmjs.org/debug set size:undefined disposed:false
180 silly fetch manifest registry-url@3.1.0
181 silly packumentCache full:https://registry.npmjs.org/registry-url cache-miss
182 http fetch GET 200 https://registry.npmjs.org/compressible 98ms (cache miss)
183 silly packumentCache full:https://registry.npmjs.org/compressible set size:undefined disposed:false
184 http fetch GET 200 https://registry.npmjs.org/bytes 113ms (cache updated)
185 silly packumentCache full:https://registry.npmjs.org/bytes set size:undefined disposed:false
186 http fetch GET 200 https://registry.npmjs.org/bytes 82ms (cache updated)
187 silly packumentCache full:https://registry.npmjs.org/bytes set size:undefined disposed:false
188 http fetch GET 200 https://registry.npmjs.org/mime-types 73ms (cache updated)
189 silly packumentCache full:https://registry.npmjs.org/mime-types set size:undefined disposed:false
190 http fetch GET 200 https://registry.npmjs.org/range-parser 74ms (cache updated)
191 silly packumentCache full:https://registry.npmjs.org/range-parser set size:undefined disposed:false
192 http fetch GET 200 https://registry.npmjs.org/minimatch 88ms (cache miss)
193 silly packumentCache full:https://registry.npmjs.org/minimatch set size:undefined disposed:false
194 http fetch GET 200 https://registry.npmjs.org/path-is-inside 73ms (cache miss)
195 silly packumentCache full:https://registry.npmjs.org/path-is-inside set size:undefined disposed:false
196 http fetch GET 200 https://registry.npmjs.org/path-to-regexp 74ms (cache updated)
197 silly packumentCache full:https://registry.npmjs.org/path-to-regexp set size:undefined disposed:false
198 http fetch GET 200 https://registry.npmjs.org/content-disposition 66ms (cache updated)
199 silly packumentCache full:https://registry.npmjs.org/content-disposition set size:undefined disposed:false
200 http fetch GET 200 https://registry.npmjs.org/registry-url 82ms (cache miss)
201 silly packumentCache full:https://registry.npmjs.org/registry-url set size:undefined disposed:false
202 http fetch GET 200 https://registry.npmjs.org/registry-auth-token 925ms (cache miss)
203 silly packumentCache full:https://registry.npmjs.org/registry-auth-token set size:undefined disposed:false
204 silly placeDep ROOT fast-deep-equal@3.1.3 OK for: ajv@8.12.0 want: ^3.1.1
205 silly placeDep ROOT json-schema-traverse@1.0.0 OK for: ajv@8.12.0 want: ^1.0.0
206 silly placeDep ROOT require-from-string@2.0.2 OK for: ajv@8.12.0 want: ^2.0.2
207 silly placeDep ROOT uri-js@4.4.1 OK for: ajv@8.12.0 want: ^4.2.2
208 silly fetch manifest punycode@^2.1.0
209 silly packumentCache full:https://registry.npmjs.org/punycode cache-miss
210 http fetch GET 200 https://registry.npmjs.org/punycode 77ms (cache miss)
211 silly packumentCache full:https://registry.npmjs.org/punycode set size:undefined disposed:false
212 silly placeDep ROOT ansi-align@3.0.1 OK for: boxen@7.0.0 want: ^3.0.1
213 silly placeDep ROOT camelcase@7.0.1 OK for: boxen@7.0.0 want: ^7.0.0
214 silly placeDep ROOT cli-boxes@3.0.0 OK for: boxen@7.0.0 want: ^3.0.0
215 silly placeDep ROOT string-width@5.1.2 OK for: boxen@7.0.0 want: ^5.1.2
216 silly placeDep ROOT type-fest@2.19.0 OK for: boxen@7.0.0 want: ^2.13.0
217 silly placeDep ROOT widest-line@4.0.1 OK for: boxen@7.0.0 want: ^4.0.1
218 silly placeDep ROOT wrap-ansi@8.1.0 OK for: boxen@7.0.0 want: ^8.0.1
219 silly fetch manifest string-width@^4.1.0
220 silly packumentCache full:https://registry.npmjs.org/string-width cache-miss
221 silly fetch manifest strip-ansi@^7.0.1
222 silly packumentCache full:https://registry.npmjs.org/strip-ansi cache-miss
223 silly fetch manifest emoji-regex@^9.2.2
224 silly packumentCache full:https://registry.npmjs.org/emoji-regex cache-miss
225 silly fetch manifest eastasianwidth@^0.2.0
226 silly packumentCache full:https://registry.npmjs.org/eastasianwidth cache-miss
227 silly fetch manifest ansi-styles@^6.1.0
228 silly packumentCache full:https://registry.npmjs.org/ansi-styles cache-miss
229 silly fetch manifest strip-ansi@^7.0.1
230 silly packumentCache full:https://registry.npmjs.org/strip-ansi cache-miss
231 http cache https://registry.npmjs.org/string-width 10ms (cache hit)
232 silly packumentCache full:https://registry.npmjs.org/string-width set size:61460 disposed:false
233 http fetch GET 200 https://registry.npmjs.org/eastasianwidth 56ms (cache miss)
234 silly packumentCache full:https://registry.npmjs.org/eastasianwidth set size:undefined disposed:false
235 http fetch GET 200 https://registry.npmjs.org/strip-ansi 57ms (cache miss)
236 silly packumentCache full:https://registry.npmjs.org/strip-ansi set size:undefined disposed:false
237 http fetch GET 200 https://registry.npmjs.org/strip-ansi 58ms (cache miss)
238 silly packumentCache full:https://registry.npmjs.org/strip-ansi set size:undefined disposed:false
239 http fetch GET 200 https://registry.npmjs.org/ansi-styles 58ms (cache miss)
240 silly packumentCache full:https://registry.npmjs.org/ansi-styles set size:undefined disposed:false
241 http fetch GET 200 https://registry.npmjs.org/emoji-regex 60ms (cache miss)
242 silly packumentCache full:https://registry.npmjs.org/emoji-regex set size:undefined disposed:false
243 silly placeDep node_modules/ansi-align string-width@4.2.3 OK for: ansi-align@3.0.1 want: ^4.1.0
244 silly fetch manifest strip-ansi@^6.0.1
245 silly packumentCache full:https://registry.npmjs.org/strip-ansi cache-miss
246 silly fetch manifest emoji-regex@^8.0.0
247 silly packumentCache full:https://registry.npmjs.org/emoji-regex cache-miss
248 silly fetch manifest is-fullwidth-code-point@^3.0.0
249 silly packumentCache full:https://registry.npmjs.org/is-fullwidth-code-point cache-miss
250 http cache https://registry.npmjs.org/strip-ansi 6ms (cache hit)
251 silly packumentCache full:https://registry.npmjs.org/strip-ansi set size:43180 disposed:false
252 http cache https://registry.npmjs.org/emoji-regex 7ms (cache hit)
253 silly packumentCache full:https://registry.npmjs.org/emoji-regex set size:85187 disposed:false
254 http fetch GET 200 https://registry.npmjs.org/is-fullwidth-code-point 48ms (cache miss)
255 silly packumentCache full:https://registry.npmjs.org/is-fullwidth-code-point set size:undefined disposed:false
256 silly placeDep node_modules/chalk-template chalk@4.1.2 OK for: chalk-template@0.4.0 want: ^4.1.2
257 silly fetch manifest ansi-styles@^4.1.0
258 silly packumentCache full:https://registry.npmjs.org/ansi-styles cache-miss
259 silly fetch manifest supports-color@^7.1.0
260 silly packumentCache full:https://registry.npmjs.org/supports-color cache-miss
261 http cache https://registry.npmjs.org/ansi-styles 5ms (cache hit)
262 silly packumentCache full:https://registry.npmjs.org/ansi-styles set size:66356 disposed:false
263 http fetch GET 200 https://registry.npmjs.org/supports-color 51ms (cache miss)
264 silly packumentCache full:https://registry.npmjs.org/supports-color set size:undefined disposed:false
265 silly placeDep ROOT arch@2.2.0 OK for: clipboardy@3.0.0 want: ^2.2.0
266 silly placeDep ROOT execa@5.1.1 OK for: clipboardy@3.0.0 want: ^5.1.1
267 silly placeDep ROOT is-wsl@2.2.0 OK for: clipboardy@3.0.0 want: ^2.2.0
268 silly fetch manifest onetime@^5.1.2
269 silly packumentCache full:https://registry.npmjs.org/onetime cache-miss
270 silly fetch manifest is-stream@^2.0.0
271 silly packumentCache full:https://registry.npmjs.org/is-stream cache-miss
272 silly fetch manifest get-stream@^6.0.0
273 silly packumentCache full:https://registry.npmjs.org/get-stream cache-miss
274 silly fetch manifest cross-spawn@^7.0.3
275 silly packumentCache full:https://registry.npmjs.org/cross-spawn cache-miss
276 silly fetch manifest signal-exit@^3.0.3
277 silly packumentCache full:https://registry.npmjs.org/signal-exit cache-miss
278 silly fetch manifest merge-stream@^2.0.0
279 silly packumentCache full:https://registry.npmjs.org/merge-stream cache-miss
280 silly fetch manifest npm-run-path@^4.0.1
281 silly packumentCache full:https://registry.npmjs.org/npm-run-path cache-miss
282 silly fetch manifest human-signals@^2.1.0
283 silly packumentCache full:https://registry.npmjs.org/human-signals cache-miss
284 silly fetch manifest strip-final-newline@^2.0.0
285 silly packumentCache full:https://registry.npmjs.org/strip-final-newline cache-miss
286 silly fetch manifest is-docker@^2.0.0
287 silly packumentCache full:https://registry.npmjs.org/is-docker cache-miss
288 http fetch GET 200 https://registry.npmjs.org/is-stream 59ms (cache miss)
289 silly packumentCache full:https://registry.npmjs.org/is-stream set size:undefined disposed:false
290 http fetch GET 200 https://registry.npmjs.org/signal-exit 60ms (cache miss)
291 silly packumentCache full:https://registry.npmjs.org/signal-exit set size:undefined disposed:false
292 http fetch GET 200 https://registry.npmjs.org/cross-spawn 62ms (cache miss)
293 silly packumentCache full:https://registry.npmjs.org/cross-spawn set size:undefined disposed:false
294 http fetch GET 200 https://registry.npmjs.org/onetime 63ms (cache miss)
295 silly packumentCache full:https://registry.npmjs.org/onetime set size:undefined disposed:false
296 http fetch GET 200 https://registry.npmjs.org/npm-run-path 63ms (cache miss)
297 silly packumentCache full:https://registry.npmjs.org/npm-run-path set size:undefined disposed:false
298 http fetch GET 200 https://registry.npmjs.org/is-docker 64ms (cache miss)
299 silly packumentCache full:https://registry.npmjs.org/is-docker set size:undefined disposed:false
300 http fetch GET 200 https://registry.npmjs.org/merge-stream 81ms (cache miss)
301 silly packumentCache full:https://registry.npmjs.org/merge-stream set size:undefined disposed:false
302 http fetch GET 200 https://registry.npmjs.org/get-stream 82ms (cache miss)
303 silly packumentCache full:https://registry.npmjs.org/get-stream set size:undefined disposed:false
304 http fetch GET 200 https://registry.npmjs.org/strip-final-newline 83ms (cache miss)
305 silly packumentCache full:https://registry.npmjs.org/strip-final-newline set size:undefined disposed:false
306 http fetch GET 200 https://registry.npmjs.org/human-signals 83ms (cache miss)
307 silly packumentCache full:https://registry.npmjs.org/human-signals set size:undefined disposed:false
308 silly placeDep ROOT accepts@1.3.8 OK for: compression@1.7.4 want: ~1.3.5
309 silly placeDep ROOT bytes@3.0.0 OK for: compression@1.7.4 want: 3.0.0
310 silly placeDep ROOT compressible@2.0.18 OK for: compression@1.7.4 want: ~2.0.16
311 silly placeDep ROOT debug@2.6.9 OK for: compression@1.7.4 want: 2.6.9
312 silly placeDep ROOT on-headers@1.0.2 OK for: compression@1.7.4 want: ~1.0.2
313 silly placeDep ROOT safe-buffer@5.1.2 OK for: compression@1.7.4 want: 5.1.2
314 silly placeDep ROOT vary@1.1.2 OK for: compression@1.7.4 want: ~1.1.2
315 silly fetch manifest mime-types@~2.1.34
316 silly packumentCache full:https://registry.npmjs.org/mime-types cache-miss
317 silly fetch manifest negotiator@0.6.3
318 silly packumentCache full:https://registry.npmjs.org/negotiator cache-miss
319 silly fetch manifest mime-db@>= 1.43.0 < 2
320 silly packumentCache full:https://registry.npmjs.org/mime-db cache-miss
321 silly fetch manifest ms@2.0.0
322 silly packumentCache full:https://registry.npmjs.org/ms cache-miss
323 http cache https://registry.npmjs.org/mime-types 8ms (cache hit)
324 silly packumentCache full:https://registry.npmjs.org/mime-types set size:136716 disposed:false
325 http fetch GET 200 https://registry.npmjs.org/negotiator 59ms (cache updated)
326 silly packumentCache full:https://registry.npmjs.org/negotiator set size:undefined disposed:false
327 http fetch GET 200 https://registry.npmjs.org/ms 61ms (cache updated)
328 silly packumentCache full:https://registry.npmjs.org/ms set size:undefined disposed:false
329 http fetch GET 200 https://registry.npmjs.org/mime-db 65ms (cache updated)
330 silly packumentCache full:https://registry.npmjs.org/mime-db set size:undefined disposed:false
331 silly placeDep ROOT mime-types@2.1.35 OK for: accepts@1.3.8 want: ~2.1.34
332 silly placeDep ROOT negotiator@0.6.3 OK for: accepts@1.3.8 want: 0.6.3
333 silly fetch manifest mime-db@1.52.0
334 silly packumentCache full:https://registry.npmjs.org/mime-db cache-miss
335 http cache https://registry.npmjs.org/mime-db 5ms (cache hit)
336 silly packumentCache full:https://registry.npmjs.org/mime-db set size:164893 disposed:false
337 silly placeDep ROOT mime-db@1.54.0 OK for: compressible@2.0.18 want: >= 1.43.0 < 2
338 silly placeDep ROOT ms@2.0.0 OK for: debug@2.6.9 want: 2.0.0
339 silly placeDep ROOT cross-spawn@7.0.6 OK for: execa@5.1.1 want: ^7.0.3
340 silly placeDep ROOT get-stream@6.0.1 OK for: execa@5.1.1 want: ^6.0.0
341 silly placeDep ROOT human-signals@2.1.0 OK for: execa@5.1.1 want: ^2.1.0
342 silly placeDep ROOT is-stream@2.0.1 OK for: execa@5.1.1 want: ^2.0.0
343 silly placeDep ROOT merge-stream@2.0.0 OK for: execa@5.1.1 want: ^2.0.0
344 silly placeDep ROOT npm-run-path@4.0.1 OK for: execa@5.1.1 want: ^4.0.1
345 silly placeDep ROOT onetime@5.1.2 OK for: execa@5.1.1 want: ^5.1.2
346 silly placeDep ROOT signal-exit@3.0.7 OK for: execa@5.1.1 want: ^3.0.3
347 silly placeDep ROOT strip-final-newline@2.0.0 OK for: execa@5.1.1 want: ^2.0.0
348 silly fetch manifest which@^2.0.1
349 silly packumentCache full:https://registry.npmjs.org/which cache-miss
350 silly fetch manifest path-key@^3.1.0
351 silly packumentCache full:https://registry.npmjs.org/path-key cache-miss
352 silly fetch manifest shebang-command@^2.0.0
353 silly packumentCache full:https://registry.npmjs.org/shebang-command cache-miss
354 silly fetch manifest path-key@^3.0.0
355 silly packumentCache full:https://registry.npmjs.org/path-key cache-miss
356 silly fetch manifest mimic-fn@^2.1.0
357 silly packumentCache full:https://registry.npmjs.org/mimic-fn cache-miss
358 http fetch GET 200 https://registry.npmjs.org/path-key 51ms (cache miss)
359 silly packumentCache full:https://registry.npmjs.org/path-key set size:undefined disposed:false
360 http fetch GET 200 https://registry.npmjs.org/path-key 53ms (cache miss)
361 silly packumentCache full:https://registry.npmjs.org/path-key set size:undefined disposed:false
362 http fetch GET 200 https://registry.npmjs.org/mimic-fn 82ms (cache miss)
363 silly packumentCache full:https://registry.npmjs.org/mimic-fn set size:undefined disposed:false
364 http fetch GET 200 https://registry.npmjs.org/which 85ms (cache miss)
365 silly packumentCache full:https://registry.npmjs.org/which set size:undefined disposed:false
366 http fetch GET 200 https://registry.npmjs.org/shebang-command 118ms (cache miss)
367 silly packumentCache full:https://registry.npmjs.org/shebang-command set size:undefined disposed:false
368 silly placeDep ROOT path-key@3.1.1 OK for: cross-spawn@7.0.6 want: ^3.1.0
369 silly placeDep ROOT shebang-command@2.0.0 OK for: cross-spawn@7.0.6 want: ^2.0.0
370 silly placeDep ROOT which@2.0.2 OK for: cross-spawn@7.0.6 want: ^2.0.1
371 silly fetch manifest shebang-regex@^3.0.0
372 silly packumentCache full:https://registry.npmjs.org/shebang-regex cache-miss
373 silly fetch manifest isexe@^2.0.0
374 silly packumentCache full:https://registry.npmjs.org/isexe cache-miss
375 http fetch GET 200 https://registry.npmjs.org/shebang-regex 48ms (cache miss)
376 silly packumentCache full:https://registry.npmjs.org/shebang-regex set size:undefined disposed:false
377 http fetch GET 200 https://registry.npmjs.org/isexe 71ms (cache miss)
378 silly packumentCache full:https://registry.npmjs.org/isexe set size:undefined disposed:false
379 silly placeDep ROOT is-docker@2.2.1 OK for: is-wsl@2.2.0 want: ^2.0.0
380 silly placeDep node_modules/mime-types mime-db@1.52.0 OK for: mime-types@2.1.35 want: 1.52.0
381 silly placeDep ROOT mimic-fn@2.1.0 OK for: onetime@5.1.2 want: ^2.1.0
382 silly placeDep ROOT content-disposition@0.5.2 OK for: serve-handler@6.1.6 want: 0.5.2
383 silly placeDep node_modules/serve-handler mime-types@2.1.18 OK for: serve-handler@6.1.6 want: 2.1.18
384 silly placeDep ROOT minimatch@3.1.2 OK for: serve-handler@6.1.6 want: 3.1.2
385 silly placeDep ROOT path-is-inside@1.0.2 OK for: serve-handler@6.1.6 want: 1.0.2
386 silly placeDep ROOT path-to-regexp@3.3.0 OK for: serve-handler@6.1.6 want: 3.3.0
387 silly placeDep ROOT range-parser@1.2.0 OK for: serve-handler@6.1.6 want: 1.2.0
388 silly fetch manifest mime-db@~1.33.0
389 silly packumentCache full:https://registry.npmjs.org/mime-db cache-hit
390 silly fetch manifest brace-expansion@^1.1.7
391 silly packumentCache full:https://registry.npmjs.org/brace-expansion cache-miss
392 http fetch GET 200 https://registry.npmjs.org/brace-expansion 48ms (cache miss)
393 silly packumentCache full:https://registry.npmjs.org/brace-expansion set size:undefined disposed:false
394 silly placeDep ROOT brace-expansion@1.1.11 OK for: minimatch@3.1.2 want: ^1.1.7
395 silly fetch manifest balanced-match@^1.0.0
396 silly packumentCache full:https://registry.npmjs.org/balanced-match cache-miss
397 silly fetch manifest concat-map@0.0.1
398 silly packumentCache full:https://registry.npmjs.org/concat-map cache-miss
399 http fetch GET 200 https://registry.npmjs.org/concat-map 47ms (cache miss)
400 silly packumentCache full:https://registry.npmjs.org/concat-map set size:undefined disposed:false
401 http fetch GET 200 https://registry.npmjs.org/balanced-match 69ms (cache miss)
402 silly packumentCache full:https://registry.npmjs.org/balanced-match set size:undefined disposed:false
403 silly placeDep ROOT balanced-match@1.0.2 OK for: brace-expansion@1.1.11 want: ^1.0.0
404 silly placeDep ROOT concat-map@0.0.1 OK for: brace-expansion@1.1.11 want: 0.0.1
405 silly placeDep ROOT shebang-regex@3.0.0 OK for: shebang-command@2.0.0 want: ^3.0.0
406 silly placeDep ROOT eastasianwidth@0.2.0 OK for: string-width@5.1.2 want: ^0.2.0
407 silly placeDep ROOT emoji-regex@9.2.2 OK for: string-width@5.1.2 want: ^9.2.2
408 silly placeDep ROOT strip-ansi@7.1.0 OK for: string-width@5.1.2 want: ^7.0.1
409 silly fetch manifest ansi-regex@^6.0.1
410 silly packumentCache full:https://registry.npmjs.org/ansi-regex cache-miss
411 http fetch GET 200 https://registry.npmjs.org/ansi-regex 47ms (cache miss)
412 silly packumentCache full:https://registry.npmjs.org/ansi-regex set size:undefined disposed:false
413 silly placeDep ROOT ansi-regex@6.1.0 OK for: strip-ansi@7.1.0 want: ^6.0.1
414 silly placeDep ROOT registry-auth-token@3.3.2 OK for: update-check@1.5.4 want: 3.3.2
415 silly placeDep ROOT registry-url@3.1.0 OK for: update-check@1.5.4 want: 3.1.0
416 silly fetch manifest rc@^1.1.6
417 silly packumentCache full:https://registry.npmjs.org/rc cache-miss
418 silly fetch manifest rc@^1.0.1
419 silly packumentCache full:https://registry.npmjs.org/rc cache-miss
420 http fetch GET 200 https://registry.npmjs.org/rc 54ms (cache miss)
421 silly packumentCache full:https://registry.npmjs.org/rc set size:undefined disposed:false
422 http fetch GET 200 https://registry.npmjs.org/rc 57ms (cache miss)
423 silly packumentCache full:https://registry.npmjs.org/rc set size:undefined disposed:false
424 silly placeDep ROOT rc@1.2.8 OK for: registry-auth-token@3.3.2 want: ^1.1.6
425 silly fetch manifest ini@~1.3.0
426 silly packumentCache full:https://registry.npmjs.org/ini cache-miss
427 silly fetch manifest minimist@^1.2.0
428 silly packumentCache full:https://registry.npmjs.org/minimist cache-miss
429 silly fetch manifest deep-extend@^0.6.0
430 silly packumentCache full:https://registry.npmjs.org/deep-extend cache-miss
431 silly fetch manifest strip-json-comments@~2.0.1
432 silly packumentCache full:https://registry.npmjs.org/strip-json-comments cache-miss
433 http fetch GET 200 https://registry.npmjs.org/deep-extend 63ms (cache miss)
434 silly packumentCache full:https://registry.npmjs.org/deep-extend set size:undefined disposed:false
435 http fetch GET 200 https://registry.npmjs.org/ini 64ms (cache miss)
436 silly packumentCache full:https://registry.npmjs.org/ini set size:undefined disposed:false
437 http fetch GET 200 https://registry.npmjs.org/minimist 66ms (cache updated)
438 silly packumentCache full:https://registry.npmjs.org/minimist set size:undefined disposed:false
439 http fetch GET 200 https://registry.npmjs.org/strip-json-comments 76ms (cache miss)
440 silly packumentCache full:https://registry.npmjs.org/strip-json-comments set size:undefined disposed:false
441 silly placeDep ROOT deep-extend@0.6.0 OK for: rc@1.2.8 want: ^0.6.0
442 silly placeDep ROOT ini@1.3.8 OK for: rc@1.2.8 want: ~1.3.0
443 silly placeDep ROOT minimist@1.2.8 OK for: rc@1.2.8 want: ^1.2.0
444 silly placeDep ROOT strip-json-comments@2.0.1 OK for: rc@1.2.8 want: ~2.0.1
445 silly placeDep ROOT punycode@2.3.1 OK for: uri-js@4.4.1 want: ^2.1.0
446 silly placeDep ROOT isexe@2.0.0 OK for: which@2.0.2 want: ^2.0.0
447 silly placeDep ROOT ansi-styles@6.2.1 OK for: wrap-ansi@8.1.0 want: ^6.1.0
448 silly placeDep node_modules/ansi-align emoji-regex@8.0.0 OK for: string-width@4.2.3 want: ^8.0.0
449 silly placeDep ROOT is-fullwidth-code-point@3.0.0 OK for: string-width@4.2.3 want: ^3.0.0
450 silly placeDep node_modules/ansi-align strip-ansi@6.0.1 OK for: string-width@4.2.3 want: ^6.0.1
451 silly fetch manifest ansi-regex@^5.0.1
452 silly packumentCache full:https://registry.npmjs.org/ansi-regex cache-miss
453 http cache https://registry.npmjs.org/ansi-regex 3ms (cache hit)
454 silly packumentCache full:https://registry.npmjs.org/ansi-regex set size:41869 disposed:false
455 silly placeDep node_modules/ansi-align ansi-regex@5.0.1 OK for: strip-ansi@6.0.1 want: ^5.0.1
456 silly placeDep node_modules/chalk-template ansi-styles@4.3.0 OK for: chalk@4.1.2 want: ^4.1.0
457 silly placeDep ROOT supports-color@7.2.0 OK for: chalk@4.1.2 want: ^7.1.0
458 silly fetch manifest color-convert@^2.0.1
459 silly packumentCache full:https://registry.npmjs.org/color-convert cache-miss
460 silly fetch manifest has-flag@^4.0.0
461 silly packumentCache full:https://registry.npmjs.org/has-flag cache-miss
462 http fetch GET 200 https://registry.npmjs.org/has-flag 49ms (cache miss)
463 silly packumentCache full:https://registry.npmjs.org/has-flag set size:undefined disposed:false
464 http fetch GET 200 https://registry.npmjs.org/color-convert 50ms (cache miss)
465 silly packumentCache full:https://registry.npmjs.org/color-convert set size:undefined disposed:false
466 silly placeDep ROOT has-flag@4.0.0 OK for: supports-color@7.2.0 want: ^4.0.0
467 silly placeDep ROOT color-convert@2.0.1 OK for: ansi-styles@4.3.0 want: ^2.0.1
468 silly fetch manifest color-name@~1.1.4
469 silly packumentCache full:https://registry.npmjs.org/color-name cache-miss
470 http fetch GET 200 https://registry.npmjs.org/color-name 77ms (cache miss)
471 silly packumentCache full:https://registry.npmjs.org/color-name set size:undefined disposed:false
472 silly placeDep ROOT color-name@1.1.4 OK for: color-convert@2.0.1 want: ~1.1.4
473 silly placeDep node_modules/serve-handler mime-db@1.33.0 OK for: mime-types@2.1.18 want: ~1.33.0
474 silly reify moves {}
475 silly audit bulk request {
475 silly audit   serve: [ '14.2.4' ],
475 silly audit   '@zeit/schemas': [ '2.36.0' ],
475 silly audit   ajv: [ '8.12.0' ],
475 silly audit   arg: [ '5.0.2' ],
475 silly audit   boxen: [ '7.0.0' ],
475 silly audit   chalk: [ '5.0.1', '4.1.2' ],
475 silly audit   'chalk-template': [ '0.4.0' ],
475 silly audit   clipboardy: [ '3.0.0' ],
475 silly audit   compression: [ '1.7.4' ],
475 silly audit   'is-port-reachable': [ '4.0.0' ],
475 silly audit   'serve-handler': [ '6.1.6' ],
475 silly audit   'update-check': [ '1.5.4' ],
475 silly audit   'fast-deep-equal': [ '3.1.3' ],
475 silly audit   'json-schema-traverse': [ '1.0.0' ],
475 silly audit   'require-from-string': [ '2.0.2' ],
475 silly audit   'uri-js': [ '4.4.1' ],
475 silly audit   'ansi-align': [ '3.0.1' ],
475 silly audit   camelcase: [ '7.0.1' ],
475 silly audit   'cli-boxes': [ '3.0.0' ],
475 silly audit   'string-width': [ '5.1.2', '4.2.3' ],
475 silly audit   'type-fest': [ '2.19.0' ],
475 silly audit   'widest-line': [ '4.0.1' ],
475 silly audit   'wrap-ansi': [ '8.1.0' ],
475 silly audit   arch: [ '2.2.0' ],
475 silly audit   execa: [ '5.1.1' ],
475 silly audit   'is-wsl': [ '2.2.0' ],
475 silly audit   accepts: [ '1.3.8' ],
475 silly audit   bytes: [ '3.0.0' ],
475 silly audit   compressible: [ '2.0.18' ],
475 silly audit   debug: [ '2.6.9' ],
475 silly audit   'on-headers': [ '1.0.2' ],
475 silly audit   'safe-buffer': [ '5.1.2' ],
475 silly audit   vary: [ '1.1.2' ],
475 silly audit   'mime-types': [ '2.1.35', '2.1.18' ],
475 silly audit   negotiator: [ '0.6.3' ],
475 silly audit   'mime-db': [ '1.54.0', '1.52.0', '1.33.0' ],
475 silly audit   ms: [ '2.0.0' ],
475 silly audit   'cross-spawn': [ '7.0.6' ],
475 silly audit   'get-stream': [ '6.0.1' ],
475 silly audit   'human-signals': [ '2.1.0' ],
475 silly audit   'is-stream': [ '2.0.1' ],
475 silly audit   'merge-stream': [ '2.0.0' ],
475 silly audit   'npm-run-path': [ '4.0.1' ],
475 silly audit   onetime: [ '5.1.2' ],
475 silly audit   'signal-exit': [ '3.0.7' ],
475 silly audit   'strip-final-newline': [ '2.0.0' ],
475 silly audit   'path-key': [ '3.1.1' ],
475 silly audit   'shebang-command': [ '2.0.0' ],
475 silly audit   which: [ '2.0.2' ],
475 silly audit   'is-docker': [ '2.2.1' ],
475 silly audit   'mimic-fn': [ '2.1.0' ],
475 silly audit   'content-disposition': [ '0.5.2' ],
475 silly audit   minimatch: [ '3.1.2' ],
475 silly audit   'path-is-inside': [ '1.0.2' ],
475 silly audit   'path-to-regexp': [ '3.3.0' ],
475 silly audit   'range-parser': [ '1.2.0' ],
475 silly audit   'brace-expansion': [ '1.1.11' ],
475 silly audit   'balanced-match': [ '1.0.2' ],
475 silly audit   'concat-map': [ '0.0.1' ],
475 silly audit   'shebang-regex': [ '3.0.0' ],
475 silly audit   eastasianwidth: [ '0.2.0' ],
475 silly audit   'emoji-regex': [ '9.2.2', '8.0.0' ],
475 silly audit   'strip-ansi': [ '7.1.0', '6.0.1' ],
475 silly audit   'ansi-regex': [ '6.1.0', '5.0.1' ],
475 silly audit   'registry-auth-token': [ '3.3.2' ],
475 silly audit   'registry-url': [ '3.1.0' ],
475 silly audit   rc: [ '1.2.8' ],
475 silly audit   'deep-extend': [ '0.6.0' ],
475 silly audit   ini: [ '1.3.8' ],
475 silly audit   minimist: [ '1.2.8' ],
475 silly audit   'strip-json-comments': [ '2.0.1' ],
475 silly audit   punycode: [ '2.3.1' ],
475 silly audit   isexe: [ '2.0.0' ],
475 silly audit   'ansi-styles': [ '6.2.1', '4.3.0' ],
475 silly audit   'is-fullwidth-code-point': [ '3.0.0' ],
475 silly audit   'supports-color': [ '7.2.0' ],
475 silly audit   'has-flag': [ '4.0.0' ],
475 silly audit   'color-convert': [ '2.0.1' ],
475 silly audit   'color-name': [ '1.1.4' ]
475 silly audit }
476 http cache color-name@https://registry.npmjs.org/color-name/-/color-name-1.1.4.tgz 0ms (cache hit)
477 http cache color-convert@https://registry.npmjs.org/color-convert/-/color-convert-2.0.1.tgz 0ms (cache hit)
478 http cache has-flag@https://registry.npmjs.org/has-flag/-/has-flag-4.0.0.tgz 0ms (cache hit)
479 http cache supports-color@https://registry.npmjs.org/supports-color/-/supports-color-7.2.0.tgz 0ms (cache hit)
480 http cache ansi-styles@https://registry.npmjs.org/ansi-styles/-/ansi-styles-6.2.1.tgz 0ms (cache hit)
481 http cache is-fullwidth-code-point@https://registry.npmjs.org/is-fullwidth-code-point/-/is-fullwidth-code-point-3.0.0.tgz 0ms (cache hit)
482 http cache punycode@https://registry.npmjs.org/punycode/-/punycode-2.3.1.tgz 0ms (cache hit)
483 http cache strip-json-comments@https://registry.npmjs.org/strip-json-comments/-/strip-json-comments-2.0.1.tgz 0ms (cache hit)
484 http cache ini@https://registry.npmjs.org/ini/-/ini-1.3.8.tgz 0ms (cache hit)
485 http cache deep-extend@https://registry.npmjs.org/deep-extend/-/deep-extend-0.6.0.tgz 0ms (cache hit)
486 http cache isexe@https://registry.npmjs.org/isexe/-/isexe-2.0.0.tgz 0ms (cache hit)
487 http cache registry-url@https://registry.npmjs.org/registry-url/-/registry-url-3.1.0.tgz 0ms (cache hit)
488 http cache rc@https://registry.npmjs.org/rc/-/rc-1.2.8.tgz 0ms (cache hit)
489 http cache ansi-regex@https://registry.npmjs.org/ansi-regex/-/ansi-regex-6.1.0.tgz 0ms (cache hit)
490 http cache minimist@https://registry.npmjs.org/minimist/-/minimist-1.2.8.tgz 0ms (cache hit)
491 http cache registry-auth-token@https://registry.npmjs.org/registry-auth-token/-/registry-auth-token-3.3.2.tgz 0ms (cache hit)
492 http cache strip-ansi@https://registry.npmjs.org/strip-ansi/-/strip-ansi-7.1.0.tgz 0ms (cache hit)
493 http cache emoji-regex@https://registry.npmjs.org/emoji-regex/-/emoji-regex-9.2.2.tgz 0ms (cache hit)
494 http cache eastasianwidth@https://registry.npmjs.org/eastasianwidth/-/eastasianwidth-0.2.0.tgz 0ms (cache hit)
495 http cache balanced-match@https://registry.npmjs.org/balanced-match/-/balanced-match-1.0.2.tgz 0ms (cache hit)
496 http cache shebang-regex@https://registry.npmjs.org/shebang-regex/-/shebang-regex-3.0.0.tgz 0ms (cache hit)
497 http cache concat-map@https://registry.npmjs.org/concat-map/-/concat-map-0.0.1.tgz 0ms (cache hit)
498 http cache brace-expansion@https://registry.npmjs.org/brace-expansion/-/brace-expansion-1.1.11.tgz 0ms (cache hit)
499 http cache range-parser@https://registry.npmjs.org/range-parser/-/range-parser-1.2.0.tgz 0ms (cache hit)
500 http cache path-to-regexp@https://registry.npmjs.org/path-to-regexp/-/path-to-regexp-3.3.0.tgz 0ms (cache hit)
501 http cache path-is-inside@https://registry.npmjs.org/path-is-inside/-/path-is-inside-1.0.2.tgz 0ms (cache hit)
502 http cache minimatch@https://registry.npmjs.org/minimatch/-/minimatch-3.1.2.tgz 0ms (cache hit)
503 http cache content-disposition@https://registry.npmjs.org/content-disposition/-/content-disposition-0.5.2.tgz 0ms (cache hit)
504 http cache mimic-fn@https://registry.npmjs.org/mimic-fn/-/mimic-fn-2.1.0.tgz 0ms (cache hit)
505 http cache is-docker@https://registry.npmjs.org/is-docker/-/is-docker-2.2.1.tgz 0ms (cache hit)
506 http cache which@https://registry.npmjs.org/which/-/which-2.0.2.tgz 0ms (cache hit)
507 http cache shebang-command@https://registry.npmjs.org/shebang-command/-/shebang-command-2.0.0.tgz 0ms (cache hit)
508 http cache path-key@https://registry.npmjs.org/path-key/-/path-key-3.1.1.tgz 0ms (cache hit)
509 http cache onetime@https://registry.npmjs.org/onetime/-/onetime-5.1.2.tgz 0ms (cache hit)
510 http cache strip-final-newline@https://registry.npmjs.org/strip-final-newline/-/strip-final-newline-2.0.0.tgz 0ms (cache hit)
511 http cache signal-exit@https://registry.npmjs.org/signal-exit/-/signal-exit-3.0.7.tgz 0ms (cache hit)
512 http cache merge-stream@https://registry.npmjs.org/merge-stream/-/merge-stream-2.0.0.tgz 0ms (cache hit)
513 http cache npm-run-path@https://registry.npmjs.org/npm-run-path/-/npm-run-path-4.0.1.tgz 0ms (cache hit)
514 http cache is-stream@https://registry.npmjs.org/is-stream/-/is-stream-2.0.1.tgz 0ms (cache hit)
515 http cache human-signals@https://registry.npmjs.org/human-signals/-/human-signals-2.1.0.tgz 0ms (cache hit)
516 http cache get-stream@https://registry.npmjs.org/get-stream/-/get-stream-6.0.1.tgz 0ms (cache hit)
517 http cache cross-spawn@https://registry.npmjs.org/cross-spawn/-/cross-spawn-7.0.6.tgz 0ms (cache hit)
518 http cache ms@https://registry.npmjs.org/ms/-/ms-2.0.0.tgz 0ms (cache hit)
519 http cache negotiator@https://registry.npmjs.org/negotiator/-/negotiator-0.6.3.tgz 0ms (cache hit)
520 http cache mime-db@https://registry.npmjs.org/mime-db/-/mime-db-1.54.0.tgz 0ms (cache hit)
521 http cache mime-types@https://registry.npmjs.org/mime-types/-/mime-types-2.1.35.tgz 0ms (cache hit)
522 http cache vary@https://registry.npmjs.org/vary/-/vary-1.1.2.tgz 0ms (cache hit)
523 http cache safe-buffer@https://registry.npmjs.org/safe-buffer/-/safe-buffer-5.1.2.tgz 0ms (cache hit)
524 http cache on-headers@https://registry.npmjs.org/on-headers/-/on-headers-1.0.2.tgz 0ms (cache hit)
525 http cache debug@https://registry.npmjs.org/debug/-/debug-2.6.9.tgz 0ms (cache hit)
526 http cache compressible@https://registry.npmjs.org/compressible/-/compressible-2.0.18.tgz 0ms (cache hit)
527 http cache bytes@https://registry.npmjs.org/bytes/-/bytes-3.0.0.tgz 0ms (cache hit)
528 http cache accepts@https://registry.npmjs.org/accepts/-/accepts-1.3.8.tgz 0ms (cache hit)
529 http cache is-wsl@https://registry.npmjs.org/is-wsl/-/is-wsl-2.2.0.tgz 0ms (cache hit)
530 http cache arch@https://registry.npmjs.org/arch/-/arch-2.2.0.tgz 0ms (cache hit)
531 http cache execa@https://registry.npmjs.org/execa/-/execa-5.1.1.tgz 0ms (cache hit)
532 http cache widest-line@https://registry.npmjs.org/widest-line/-/widest-line-4.0.1.tgz 0ms (cache hit)
533 http cache wrap-ansi@https://registry.npmjs.org/wrap-ansi/-/wrap-ansi-8.1.0.tgz 0ms (cache hit)
534 http cache type-fest@https://registry.npmjs.org/type-fest/-/type-fest-2.19.0.tgz 0ms (cache hit)
535 http cache string-width@https://registry.npmjs.org/string-width/-/string-width-5.1.2.tgz 0ms (cache hit)
536 http cache cli-boxes@https://registry.npmjs.org/cli-boxes/-/cli-boxes-3.0.0.tgz 0ms (cache hit)
537 http cache camelcase@https://registry.npmjs.org/camelcase/-/camelcase-7.0.1.tgz 0ms (cache hit)
538 http cache ansi-align@https://registry.npmjs.org/ansi-align/-/ansi-align-3.0.1.tgz 0ms (cache hit)
539 http cache uri-js@https://registry.npmjs.org/uri-js/-/uri-js-4.4.1.tgz 0ms (cache hit)
540 http cache require-from-string@https://registry.npmjs.org/require-from-string/-/require-from-string-2.0.2.tgz 1ms (cache hit)
541 http cache json-schema-traverse@https://registry.npmjs.org/json-schema-traverse/-/json-schema-traverse-1.0.0.tgz 0ms (cache hit)
542 http cache fast-deep-equal@https://registry.npmjs.org/fast-deep-equal/-/fast-deep-equal-3.1.3.tgz 0ms (cache hit)
543 http cache serve-handler@https://registry.npmjs.org/serve-handler/-/serve-handler-6.1.6.tgz 0ms (cache hit)
544 http cache update-check@https://registry.npmjs.org/update-check/-/update-check-1.5.4.tgz 0ms (cache hit)
545 http cache clipboardy@https://registry.npmjs.org/clipboardy/-/clipboardy-3.0.0.tgz 0ms (cache hit)
546 http cache is-port-reachable@https://registry.npmjs.org/is-port-reachable/-/is-port-reachable-4.0.0.tgz 0ms (cache hit)
547 http cache compression@https://registry.npmjs.org/compression/-/compression-1.7.4.tgz 0ms (cache hit)
548 http cache chalk-template@https://registry.npmjs.org/chalk-template/-/chalk-template-0.4.0.tgz 0ms (cache hit)
549 http cache chalk@https://registry.npmjs.org/chalk/-/chalk-5.0.1.tgz 0ms (cache hit)
550 http cache arg@https://registry.npmjs.org/arg/-/arg-5.0.2.tgz 0ms (cache hit)
551 http cache ajv@https://registry.npmjs.org/ajv/-/ajv-8.12.0.tgz 0ms (cache hit)
552 http cache @zeit/schemas@https://registry.npmjs.org/@zeit/schemas/-/schemas-2.36.0.tgz 0ms (cache hit)
553 http cache boxen@https://registry.npmjs.org/boxen/-/boxen-7.0.0.tgz 0ms (cache hit)
554 http cache serve@https://registry.npmjs.org/serve/-/serve-14.2.4.tgz 0ms (cache hit)
555 http cache ansi-regex@https://registry.npmjs.org/ansi-regex/-/ansi-regex-5.0.1.tgz 0ms (cache hit)
556 http cache string-width@https://registry.npmjs.org/string-width/-/string-width-4.2.3.tgz 0ms (cache hit)
557 http cache emoji-regex@https://registry.npmjs.org/emoji-regex/-/emoji-regex-8.0.0.tgz 0ms (cache hit)
558 http cache strip-ansi@https://registry.npmjs.org/strip-ansi/-/strip-ansi-6.0.1.tgz 0ms (cache hit)
559 http cache mime-db@https://registry.npmjs.org/mime-db/-/mime-db-1.33.0.tgz 0ms (cache hit)
560 http cache mime-types@https://registry.npmjs.org/mime-types/-/mime-types-2.1.18.tgz 0ms (cache hit)
561 http cache ansi-styles@https://registry.npmjs.org/ansi-styles/-/ansi-styles-4.3.0.tgz 0ms (cache hit)
562 http cache mime-db@https://registry.npmjs.org/mime-db/-/mime-db-1.52.0.tgz 0ms (cache hit)
563 silly tarball no local data for color-name@https://registry.npmjs.org/color-name/-/color-name-1.1.4.tgz. Extracting by manifest.
564 silly tarball no local data for color-convert@https://registry.npmjs.org/color-convert/-/color-convert-2.0.1.tgz. Extracting by manifest.
565 http cache chalk@https://registry.npmjs.org/chalk/-/chalk-4.1.2.tgz 1ms (cache hit)
566 silly tarball no local data for has-flag@https://registry.npmjs.org/has-flag/-/has-flag-4.0.0.tgz. Extracting by manifest.
567 silly tarball no local data for is-fullwidth-code-point@https://registry.npmjs.org/is-fullwidth-code-point/-/is-fullwidth-code-point-3.0.0.tgz. Extracting by manifest.
568 silly tarball no local data for punycode@https://registry.npmjs.org/punycode/-/punycode-2.3.1.tgz. Extracting by manifest.
569 silly tarball no local data for ansi-styles@https://registry.npmjs.org/ansi-styles/-/ansi-styles-6.2.1.tgz. Extracting by manifest.
570 silly tarball no local data for supports-color@https://registry.npmjs.org/supports-color/-/supports-color-7.2.0.tgz. Extracting by manifest.
571 silly tarball no local data for strip-json-comments@https://registry.npmjs.org/strip-json-comments/-/strip-json-comments-2.0.1.tgz. Extracting by manifest.
572 silly tarball no local data for ini@https://registry.npmjs.org/ini/-/ini-1.3.8.tgz. Extracting by manifest.
573 silly tarball no local data for isexe@https://registry.npmjs.org/isexe/-/isexe-2.0.0.tgz. Extracting by manifest.
574 silly tarball no local data for deep-extend@https://registry.npmjs.org/deep-extend/-/deep-extend-0.6.0.tgz. Extracting by manifest.
575 silly tarball no local data for ansi-regex@https://registry.npmjs.org/ansi-regex/-/ansi-regex-6.1.0.tgz. Extracting by manifest.
576 silly tarball no local data for registry-url@https://registry.npmjs.org/registry-url/-/registry-url-3.1.0.tgz. Extracting by manifest.
577 silly tarball no local data for rc@https://registry.npmjs.org/rc/-/rc-1.2.8.tgz. Extracting by manifest.
578 silly tarball no local data for registry-auth-token@https://registry.npmjs.org/registry-auth-token/-/registry-auth-token-3.3.2.tgz. Extracting by manifest.
579 silly tarball no local data for strip-ansi@https://registry.npmjs.org/strip-ansi/-/strip-ansi-7.1.0.tgz. Extracting by manifest.
580 silly tarball no local data for emoji-regex@https://registry.npmjs.org/emoji-regex/-/emoji-regex-9.2.2.tgz. Extracting by manifest.
581 silly tarball no local data for eastasianwidth@https://registry.npmjs.org/eastasianwidth/-/eastasianwidth-0.2.0.tgz. Extracting by manifest.
582 silly tarball no local data for concat-map@https://registry.npmjs.org/concat-map/-/concat-map-0.0.1.tgz. Extracting by manifest.
583 silly tarball no local data for brace-expansion@https://registry.npmjs.org/brace-expansion/-/brace-expansion-1.1.11.tgz. Extracting by manifest.
584 silly tarball no local data for balanced-match@https://registry.npmjs.org/balanced-match/-/balanced-match-1.0.2.tgz. Extracting by manifest.
585 silly tarball no local data for path-to-regexp@https://registry.npmjs.org/path-to-regexp/-/path-to-regexp-3.3.0.tgz. Extracting by manifest.
586 silly tarball no local data for path-is-inside@https://registry.npmjs.org/path-is-inside/-/path-is-inside-1.0.2.tgz. Extracting by manifest.
587 silly tarball no local data for shebang-regex@https://registry.npmjs.org/shebang-regex/-/shebang-regex-3.0.0.tgz. Extracting by manifest.
588 silly tarball no local data for minimatch@https://registry.npmjs.org/minimatch/-/minimatch-3.1.2.tgz. Extracting by manifest.
589 silly tarball no local data for range-parser@https://registry.npmjs.org/range-parser/-/range-parser-1.2.0.tgz. Extracting by manifest.
590 silly tarball no local data for content-disposition@https://registry.npmjs.org/content-disposition/-/content-disposition-0.5.2.tgz. Extracting by manifest.
591 silly tarball no local data for mimic-fn@https://registry.npmjs.org/mimic-fn/-/mimic-fn-2.1.0.tgz. Extracting by manifest.
592 silly tarball no local data for is-docker@https://registry.npmjs.org/is-docker/-/is-docker-2.2.1.tgz. Extracting by manifest.
593 silly tarball no local data for shebang-command@https://registry.npmjs.org/shebang-command/-/shebang-command-2.0.0.tgz. Extracting by manifest.
594 silly tarball no local data for path-key@https://registry.npmjs.org/path-key/-/path-key-3.1.1.tgz. Extracting by manifest.
595 silly tarball no local data for which@https://registry.npmjs.org/which/-/which-2.0.2.tgz. Extracting by manifest.
596 silly tarball no local data for onetime@https://registry.npmjs.org/onetime/-/onetime-5.1.2.tgz. Extracting by manifest.
597 silly tarball no local data for strip-final-newline@https://registry.npmjs.org/strip-final-newline/-/strip-final-newline-2.0.0.tgz. Extracting by manifest.
598 silly tarball no local data for signal-exit@https://registry.npmjs.org/signal-exit/-/signal-exit-3.0.7.tgz. Extracting by manifest.
599 silly tarball no local data for merge-stream@https://registry.npmjs.org/merge-stream/-/merge-stream-2.0.0.tgz. Extracting by manifest.
600 silly tarball no local data for human-signals@https://registry.npmjs.org/human-signals/-/human-signals-2.1.0.tgz. Extracting by manifest.
601 silly tarball no local data for cross-spawn@https://registry.npmjs.org/cross-spawn/-/cross-spawn-7.0.6.tgz. Extracting by manifest.
602 silly tarball no local data for is-stream@https://registry.npmjs.org/is-stream/-/is-stream-2.0.1.tgz. Extracting by manifest.
603 silly tarball no local data for npm-run-path@https://registry.npmjs.org/npm-run-path/-/npm-run-path-4.0.1.tgz. Extracting by manifest.
604 silly tarball no local data for get-stream@https://registry.npmjs.org/get-stream/-/get-stream-6.0.1.tgz. Extracting by manifest.
605 silly tarball no local data for negotiator@https://registry.npmjs.org/negotiator/-/negotiator-0.6.3.tgz. Extracting by manifest.
606 silly tarball no local data for ms@https://registry.npmjs.org/ms/-/ms-2.0.0.tgz. Extracting by manifest.
607 silly tarball no local data for safe-buffer@https://registry.npmjs.org/safe-buffer/-/safe-buffer-5.1.2.tgz. Extracting by manifest.
608 silly tarball no local data for debug@https://registry.npmjs.org/debug/-/debug-2.6.9.tgz. Extracting by manifest.
609 silly tarball no local data for compressible@https://registry.npmjs.org/compressible/-/compressible-2.0.18.tgz. Extracting by manifest.
610 silly tarball no local data for on-headers@https://registry.npmjs.org/on-headers/-/on-headers-1.0.2.tgz. Extracting by manifest.
611 silly tarball no local data for accepts@https://registry.npmjs.org/accepts/-/accepts-1.3.8.tgz. Extracting by manifest.
612 silly tarball no local data for is-wsl@https://registry.npmjs.org/is-wsl/-/is-wsl-2.2.0.tgz. Extracting by manifest.
613 silly tarball no local data for bytes@https://registry.npmjs.org/bytes/-/bytes-3.0.0.tgz. Extracting by manifest.
614 silly tarball no local data for arch@https://registry.npmjs.org/arch/-/arch-2.2.0.tgz. Extracting by manifest.
615 silly tarball no local data for execa@https://registry.npmjs.org/execa/-/execa-5.1.1.tgz. Extracting by manifest.
616 silly tarball no local data for type-fest@https://registry.npmjs.org/type-fest/-/type-fest-2.19.0.tgz. Extracting by manifest.
617 silly tarball no local data for widest-line@https://registry.npmjs.org/widest-line/-/widest-line-4.0.1.tgz. Extracting by manifest.
618 silly tarball no local data for wrap-ansi@https://registry.npmjs.org/wrap-ansi/-/wrap-ansi-8.1.0.tgz. Extracting by manifest.
619 silly tarball no local data for string-width@https://registry.npmjs.org/string-width/-/string-width-5.1.2.tgz. Extracting by manifest.
620 silly tarball no local data for ansi-align@https://registry.npmjs.org/ansi-align/-/ansi-align-3.0.1.tgz. Extracting by manifest.
621 silly tarball no local data for cli-boxes@https://registry.npmjs.org/cli-boxes/-/cli-boxes-3.0.0.tgz. Extracting by manifest.
622 silly tarball no local data for require-from-string@https://registry.npmjs.org/require-from-string/-/require-from-string-2.0.2.tgz. Extracting by manifest.
623 silly tarball no local data for camelcase@https://registry.npmjs.org/camelcase/-/camelcase-7.0.1.tgz. Extracting by manifest.
624 silly tarball no local data for fast-deep-equal@https://registry.npmjs.org/fast-deep-equal/-/fast-deep-equal-3.1.3.tgz. Extracting by manifest.
625 silly tarball no local data for uri-js@https://registry.npmjs.org/uri-js/-/uri-js-4.4.1.tgz. Extracting by manifest.
626 silly tarball no local data for json-schema-traverse@https://registry.npmjs.org/json-schema-traverse/-/json-schema-traverse-1.0.0.tgz. Extracting by manifest.
627 silly tarball no local data for clipboardy@https://registry.npmjs.org/clipboardy/-/clipboardy-3.0.0.tgz. Extracting by manifest.
628 silly tarball no local data for update-check@https://registry.npmjs.org/update-check/-/update-check-1.5.4.tgz. Extracting by manifest.
629 silly tarball no local data for serve-handler@https://registry.npmjs.org/serve-handler/-/serve-handler-6.1.6.tgz. Extracting by manifest.
630 silly tarball no local data for compression@https://registry.npmjs.org/compression/-/compression-1.7.4.tgz. Extracting by manifest.
631 silly tarball no local data for chalk-template@https://registry.npmjs.org/chalk-template/-/chalk-template-0.4.0.tgz. Extracting by manifest.
632 silly tarball no local data for is-port-reachable@https://registry.npmjs.org/is-port-reachable/-/is-port-reachable-4.0.0.tgz. Extracting by manifest.
633 silly tarball no local data for chalk@https://registry.npmjs.org/chalk/-/chalk-5.0.1.tgz. Extracting by manifest.
634 silly tarball no local data for arg@https://registry.npmjs.org/arg/-/arg-5.0.2.tgz. Extracting by manifest.
635 silly tarball no local data for @zeit/schemas@https://registry.npmjs.org/@zeit/schemas/-/schemas-2.36.0.tgz. Extracting by manifest.
636 silly tarball no local data for ajv@https://registry.npmjs.org/ajv/-/ajv-8.12.0.tgz. Extracting by manifest.
637 silly tarball no local data for serve@https://registry.npmjs.org/serve/-/serve-14.2.4.tgz. Extracting by manifest.
638 silly tarball no local data for boxen@https://registry.npmjs.org/boxen/-/boxen-7.0.0.tgz. Extracting by manifest.
639 silly tarball no local data for ansi-regex@https://registry.npmjs.org/ansi-regex/-/ansi-regex-5.0.1.tgz. Extracting by manifest.
640 silly tarball no local data for string-width@https://registry.npmjs.org/string-width/-/string-width-4.2.3.tgz. Extracting by manifest.
641 silly tarball no local data for emoji-regex@https://registry.npmjs.org/emoji-regex/-/emoji-regex-8.0.0.tgz. Extracting by manifest.
642 silly tarball no local data for strip-ansi@https://registry.npmjs.org/strip-ansi/-/strip-ansi-6.0.1.tgz. Extracting by manifest.
643 silly tarball no local data for mime-db@https://registry.npmjs.org/mime-db/-/mime-db-1.33.0.tgz. Extracting by manifest.
644 silly tarball no local data for ansi-styles@https://registry.npmjs.org/ansi-styles/-/ansi-styles-4.3.0.tgz. Extracting by manifest.
645 silly tarball no local data for mime-types@https://registry.npmjs.org/mime-types/-/mime-types-2.1.18.tgz. Extracting by manifest.
646 silly tarball no local data for chalk@https://registry.npmjs.org/chalk/-/chalk-4.1.2.tgz. Extracting by manifest.
647 http fetch GET 200 https://registry.npmjs.org/color-name/-/color-name-1.1.4.tgz 222ms (cache miss)
648 http fetch GET 200 https://registry.npmjs.org/has-flag/-/has-flag-4.0.0.tgz 220ms (cache miss)
649 http fetch GET 200 https://registry.npmjs.org/supports-color/-/supports-color-7.2.0.tgz 218ms (cache miss)
650 http fetch GET 200 https://registry.npmjs.org/ansi-styles/-/ansi-styles-6.2.1.tgz 220ms (cache miss)
651 http fetch GET 200 https://registry.npmjs.org/strip-json-comments/-/strip-json-comments-2.0.1.tgz 219ms (cache miss)
652 http fetch GET 200 https://registry.npmjs.org/punycode/-/punycode-2.3.1.tgz 228ms (cache miss)
653 http fetch GET 200 https://registry.npmjs.org/deep-extend/-/deep-extend-0.6.0.tgz 234ms (cache miss)
654 http fetch GET 200 https://registry.npmjs.org/ini/-/ini-1.3.8.tgz 235ms (cache miss)
655 http fetch GET 200 https://registry.npmjs.org/color-convert/-/color-convert-2.0.1.tgz 239ms (cache miss)
656 http fetch GET 200 https://registry.npmjs.org/is-fullwidth-code-point/-/is-fullwidth-code-point-3.0.0.tgz 247ms (cache miss)
657 http fetch GET 200 https://registry.npmjs.org/eastasianwidth/-/eastasianwidth-0.2.0.tgz 275ms (cache miss)
658 http fetch GET 200 https://registry.npmjs.org/strip-ansi/-/strip-ansi-7.1.0.tgz 276ms (cache miss)
659 http fetch GET 200 https://registry.npmjs.org/emoji-regex/-/emoji-regex-9.2.2.tgz 277ms (cache miss)
660 http fetch GET 200 https://registry.npmjs.org/balanced-match/-/balanced-match-1.0.2.tgz 284ms (cache miss)
661 http fetch GET 200 https://registry.npmjs.org/path-to-regexp/-/path-to-regexp-3.3.0.tgz 284ms (cache miss)
662 http fetch GET 200 https://registry.npmjs.org/path-is-inside/-/path-is-inside-1.0.2.tgz 285ms (cache miss)
663 http fetch GET 200 https://registry.npmjs.org/shebang-regex/-/shebang-regex-3.0.0.tgz 292ms (cache miss)
664 http fetch GET 200 https://registry.npmjs.org/concat-map/-/concat-map-0.0.1.tgz 306ms (cache miss)
665 http fetch GET 200 https://registry.npmjs.org/brace-expansion/-/brace-expansion-1.1.11.tgz 318ms (cache miss)
666 http fetch GET 200 https://registry.npmjs.org/mimic-fn/-/mimic-fn-2.1.0.tgz 316ms (cache miss)
667 http fetch GET 200 https://registry.npmjs.org/minimatch/-/minimatch-3.1.2.tgz 329ms (cache miss)
668 http fetch GET 200 https://registry.npmjs.org/content-disposition/-/content-disposition-0.5.2.tgz 328ms (cache miss)
669 http fetch GET 200 https://registry.npmjs.org/shebang-command/-/shebang-command-2.0.0.tgz 327ms (cache miss)
670 http fetch GET 200 https://registry.npmjs.org/range-parser/-/range-parser-1.2.0.tgz 330ms (cache miss)
671 http fetch GET 200 https://registry.npmjs.org/is-docker/-/is-docker-2.2.1.tgz 329ms (cache miss)
672 http fetch GET 200 https://registry.npmjs.org/which/-/which-2.0.2.tgz 342ms (cache miss)
673 http fetch POST 200 https://registry.npmjs.org/-/npm/v1/security/advisories/bulk 400ms
674 silly audit report {}
675 http fetch GET 200 https://registry.npmjs.org/path-key/-/path-key-3.1.1.tgz 365ms (cache miss)
676 http fetch GET 200 https://registry.npmjs.org/onetime/-/onetime-5.1.2.tgz 364ms (cache miss)
677 http fetch GET 200 https://registry.npmjs.org/merge-stream/-/merge-stream-2.0.0.tgz 363ms (cache miss)
678 http fetch GET 200 https://registry.npmjs.org/strip-final-newline/-/strip-final-newline-2.0.0.tgz 378ms (cache miss)
679 http fetch GET 200 https://registry.npmjs.org/cross-spawn/-/cross-spawn-7.0.6.tgz 391ms (cache miss)
680 http fetch GET 200 https://registry.npmjs.org/is-stream/-/is-stream-2.0.1.tgz 390ms (cache miss)
681 http fetch GET 200 https://registry.npmjs.org/registry-auth-token/-/registry-auth-token-3.3.2.tgz 410ms (cache miss)
682 http fetch GET 200 https://registry.npmjs.org/signal-exit/-/signal-exit-3.0.7.tgz 404ms (cache miss)
683 http fetch GET 200 https://registry.npmjs.org/npm-run-path/-/npm-run-path-4.0.1.tgz 403ms (cache miss)
684 http fetch GET 200 https://registry.npmjs.org/human-signals/-/human-signals-2.1.0.tgz 416ms (cache miss)
685 http fetch GET 200 https://registry.npmjs.org/ms/-/ms-2.0.0.tgz 414ms (cache miss)
686 http fetch GET 200 https://registry.npmjs.org/negotiator/-/negotiator-0.6.3.tgz 433ms (cache miss)
687 http fetch GET 200 https://registry.npmjs.org/registry-url/-/registry-url-3.1.0.tgz 442ms (cache miss)
688 http fetch GET 200 https://registry.npmjs.org/safe-buffer/-/safe-buffer-5.1.2.tgz 433ms (cache miss)
689 http fetch GET 200 https://registry.npmjs.org/get-stream/-/get-stream-6.0.1.tgz 443ms (cache miss)
690 http fetch GET 200 https://registry.npmjs.org/isexe/-/isexe-2.0.0.tgz 463ms (cache miss)
691 http fetch GET 200 https://registry.npmjs.org/on-headers/-/on-headers-1.0.2.tgz 458ms (cache miss)
692 http fetch GET 200 https://registry.npmjs.org/accepts/-/accepts-1.3.8.tgz 459ms (cache miss)
693 http fetch GET 200 https://registry.npmjs.org/arch/-/arch-2.2.0.tgz 458ms (cache miss)
694 http fetch GET 200 https://registry.npmjs.org/is-wsl/-/is-wsl-2.2.0.tgz 458ms (cache miss)
695 http fetch GET 200 https://registry.npmjs.org/compressible/-/compressible-2.0.18.tgz 466ms (cache miss)
696 http fetch GET 200 https://registry.npmjs.org/ansi-regex/-/ansi-regex-6.1.0.tgz 477ms (cache miss)
697 http fetch GET 200 https://registry.npmjs.org/bytes/-/bytes-3.0.0.tgz 465ms (cache miss)
698 http fetch GET 200 https://registry.npmjs.org/cli-boxes/-/cli-boxes-3.0.0.tgz 471ms (cache miss)
699 http fetch GET 200 https://registry.npmjs.org/widest-line/-/widest-line-4.0.1.tgz 474ms (cache miss)
700 http fetch GET 200 https://registry.npmjs.org/ansi-align/-/ansi-align-3.0.1.tgz 478ms (cache miss)
701 http fetch GET 200 https://registry.npmjs.org/json-schema-traverse/-/json-schema-traverse-1.0.0.tgz 482ms (cache miss)
702 http fetch GET 200 https://registry.npmjs.org/rc/-/rc-1.2.8.tgz 502ms (cache miss)
703 http fetch GET 200 https://registry.npmjs.org/wrap-ansi/-/wrap-ansi-8.1.0.tgz 489ms (cache miss)
704 http fetch GET 200 https://registry.npmjs.org/require-from-string/-/require-from-string-2.0.2.tgz 488ms (cache miss)
705 http fetch GET 200 https://registry.npmjs.org/string-width/-/string-width-5.1.2.tgz 493ms (cache miss)
706 http fetch GET 200 https://registry.npmjs.org/fast-deep-equal/-/fast-deep-equal-3.1.3.tgz 492ms (cache miss)
707 http fetch GET 200 https://registry.npmjs.org/compression/-/compression-1.7.4.tgz 491ms (cache miss)
708 http fetch GET 200 https://registry.npmjs.org/debug/-/debug-2.6.9.tgz 500ms (cache miss)
709 http fetch GET 200 https://registry.npmjs.org/execa/-/execa-5.1.1.tgz 498ms (cache miss)
710 http fetch GET 200 https://registry.npmjs.org/camelcase/-/camelcase-7.0.1.tgz 496ms (cache miss)
711 http fetch GET 200 https://registry.npmjs.org/update-check/-/update-check-1.5.4.tgz 495ms (cache miss)
712 http fetch GET 200 https://registry.npmjs.org/is-port-reachable/-/is-port-reachable-4.0.0.tgz 494ms (cache miss)
713 http fetch GET 200 https://registry.npmjs.org/chalk/-/chalk-5.0.1.tgz 494ms (cache miss)
714 http fetch GET 200 https://registry.npmjs.org/@zeit/schemas/-/schemas-2.36.0.tgz 496ms (cache miss)
715 http fetch GET 200 https://registry.npmjs.org/chalk-template/-/chalk-template-0.4.0.tgz 500ms (cache miss)
716 http fetch GET 200 https://registry.npmjs.org/serve-handler/-/serve-handler-6.1.6.tgz 501ms (cache miss)
717 http fetch GET 200 https://registry.npmjs.org/boxen/-/boxen-7.0.0.tgz 499ms (cache miss)
718 http fetch GET 200 https://registry.npmjs.org/emoji-regex/-/emoji-regex-8.0.0.tgz 499ms (cache miss)
719 http fetch GET 200 https://registry.npmjs.org/arg/-/arg-5.0.2.tgz 501ms (cache miss)
720 http fetch GET 200 https://registry.npmjs.org/serve/-/serve-14.2.4.tgz 502ms (cache miss)
721 http fetch GET 200 https://registry.npmjs.org/string-width/-/string-width-4.2.3.tgz 503ms (cache miss)
722 http fetch GET 200 https://registry.npmjs.org/ansi-regex/-/ansi-regex-5.0.1.tgz 506ms (cache miss)
723 http fetch GET 200 https://registry.npmjs.org/strip-ansi/-/strip-ansi-6.0.1.tgz 508ms (cache miss)
724 http fetch GET 200 https://registry.npmjs.org/chalk/-/chalk-4.1.2.tgz 507ms (cache miss)
725 http fetch GET 200 https://registry.npmjs.org/mime-types/-/mime-types-2.1.18.tgz 508ms (cache miss)
726 http fetch GET 200 https://registry.npmjs.org/ansi-styles/-/ansi-styles-4.3.0.tgz 514ms (cache miss)
727 http fetch GET 200 https://registry.npmjs.org/mime-db/-/mime-db-1.33.0.tgz 522ms (cache miss)
728 http fetch GET 200 https://registry.npmjs.org/clipboardy/-/clipboardy-3.0.0.tgz 567ms (cache miss)
729 http fetch GET 200 https://registry.npmjs.org/type-fest/-/type-fest-2.19.0.tgz 601ms (cache miss)
730 http fetch GET 200 https://registry.npmjs.org/uri-js/-/uri-js-4.4.1.tgz 600ms (cache miss)
731 http fetch GET 200 https://registry.npmjs.org/ajv/-/ajv-8.12.0.tgz 723ms (cache miss)
