0 verbose cli /home/shubh/.nvm/versions/node/v22.14.0/bin/node /home/shubh/.nvm/versions/node/v22.14.0/bin/npm
1 info using npm@10.9.2
2 info using node@v22.14.0
3 silly config load:file:/home/shubh/.nvm/versions/node/v22.14.0/lib/node_modules/npm/npmrc
4 silly config load:file:/home/shubh/dev/.npmrc
5 silly config load:file:/home/shubh/.npmrc
6 silly config load:file:/home/shubh/.nvm/versions/node/v22.14.0/etc/npmrc
7 verbose title npm install cors
8 verbose argv "install" "cors"
9 verbose logfile logs-max:10 dir:/home/shubh/.npm/_logs/2025-04-20T22_46_18_328Z-
10 verbose logfile /home/shubh/.npm/_logs/2025-04-20T22_46_18_328Z-debug-0.log
11 silly logfile start cleaning logs, removing 1 files
12 silly packumentCache heap:2197815296 maxSize:549453824 maxEntrySize:274726912
13 silly logfile done cleaning log files
14 silly idealTree buildDeps
15 silly fetch manifest cors@*
16 silly packumentCache full:https://registry.npmjs.org/cors cache-miss
17 http fetch GET 200 https://registry.npmjs.org/cors 454ms (cache miss)
18 silly packumentCache full:https://registry.npmjs.org/cors set size:undefined disposed:false
19 silly placeDep ROOT cors@2.8.5 OK for: dev@1.0.0 want: *
20 silly fetch manifest object-assign@^4
21 silly packumentCache full:https://registry.npmjs.org/object-assign cache-miss
22 http fetch GET 200 https://registry.npmjs.org/object-assign 63ms (cache miss)
23 silly packumentCache full:https://registry.npmjs.org/object-assign set size:undefined disposed:false
24 silly placeDep ROOT object-assign@4.1.1 OK for: cors@2.8.5 want: ^4
25 silly reify moves {}
26 silly audit bulk request {
26 silly audit   accepts: [ '2.0.0' ],
26 silly audit   asynckit: [ '0.4.0' ],
26 silly audit   axios: [ '1.8.4' ],
26 silly audit   'body-parser': [ '2.2.0' ],
26 silly audit   bytes: [ '3.1.2' ],
26 silly audit   'call-bind-apply-helpers': [ '1.0.2' ],
26 silly audit   'call-bound': [ '1.0.4' ],
26 silly audit   'combined-stream': [ '1.0.8' ],
26 silly audit   'content-disposition': [ '1.0.0' ],
26 silly audit   'content-type': [ '1.0.5' ],
26 silly audit   cookie: [ '0.7.2' ],
26 silly audit   'cookie-signature': [ '1.2.2' ],
26 silly audit   debug: [ '4.4.0' ],
26 silly audit   'delayed-stream': [ '1.0.0' ],
26 silly audit   depd: [ '2.0.0' ],
26 silly audit   'dunder-proto': [ '1.0.1' ],
26 silly audit   'ee-first': [ '1.1.1' ],
26 silly audit   encodeurl: [ '2.0.0' ],
26 silly audit   'es-define-property': [ '1.0.1' ],
26 silly audit   'es-errors': [ '1.3.0' ],
26 silly audit   'es-object-atoms': [ '1.1.1' ],
26 silly audit   'es-set-tostringtag': [ '2.1.0' ],
26 silly audit   'escape-html': [ '1.0.3' ],
26 silly audit   etag: [ '1.8.1' ],
26 silly audit   express: [ '5.1.0' ],
26 silly audit   finalhandler: [ '2.1.0' ],
26 silly audit   'follow-redirects': [ '1.15.9' ],
26 silly audit   'form-data': [ '4.0.2' ],
26 silly audit   'mime-db': [ '1.52.0', '1.54.0' ],
26 silly audit   'mime-types': [ '2.1.35', '3.0.1' ],
26 silly audit   forwarded: [ '0.2.0' ],
26 silly audit   fresh: [ '2.0.0' ],
26 silly audit   'function-bind': [ '1.1.2' ],
26 silly audit   'get-intrinsic': [ '1.3.0' ],
26 silly audit   'get-proto': [ '1.0.1' ],
26 silly audit   gopd: [ '1.2.0' ],
26 silly audit   'has-symbols': [ '1.1.0' ],
26 silly audit   'has-tostringtag': [ '1.0.2' ],
26 silly audit   hasown: [ '2.0.2' ],
26 silly audit   'http-errors': [ '2.0.0' ],
26 silly audit   'iconv-lite': [ '0.6.3' ],
26 silly audit   inherits: [ '2.0.4' ],
26 silly audit   'ipaddr.js': [ '1.9.1' ],
26 silly audit   'is-promise': [ '4.0.0' ],
26 silly audit   'math-intrinsics': [ '1.1.0' ],
26 silly audit   'media-typer': [ '1.1.0' ],
26 silly audit   'merge-descriptors': [ '2.0.0' ],
26 silly audit   ms: [ '2.1.3' ],
26 silly audit   negotiator: [ '1.0.0' ],
26 silly audit   'object-inspect': [ '1.13.4' ],
26 silly audit   'on-finished': [ '2.4.1' ],
26 silly audit   once: [ '1.4.0' ],
26 silly audit   parseurl: [ '1.3.3' ],
26 silly audit   'path-to-regexp': [ '8.2.0' ],
26 silly audit   'proxy-addr': [ '2.0.7' ],
26 silly audit   'proxy-from-env': [ '1.1.0' ],
26 silly audit   qs: [ '6.14.0' ],
26 silly audit   'range-parser': [ '1.2.1' ],
26 silly audit   'raw-body': [ '3.0.0' ],
26 silly audit   router: [ '2.2.0' ],
26 silly audit   'safe-buffer': [ '5.2.1' ],
26 silly audit   'safer-buffer': [ '2.1.2' ],
26 silly audit   send: [ '1.2.0' ],
26 silly audit   'serve-static': [ '2.2.0' ],
26 silly audit   setprototypeof: [ '1.2.0' ],
26 silly audit   'side-channel': [ '1.1.0' ],
26 silly audit   'side-channel-list': [ '1.0.0' ],
26 silly audit   'side-channel-map': [ '1.0.1' ],
26 silly audit   'side-channel-weakmap': [ '1.0.2' ],
26 silly audit   statuses: [ '2.0.1' ],
26 silly audit   toidentifier: [ '1.0.1' ],
26 silly audit   'type-is': [ '2.0.1' ],
26 silly audit   unpipe: [ '1.0.0' ],
26 silly audit   vary: [ '1.1.2' ],
26 silly audit   wrappy: [ '1.0.2' ],
26 silly audit   cors: [ '2.8.5' ],
26 silly audit   'object-assign': [ '4.1.1' ]
26 silly audit }
27 http cache cors@https://registry.npmjs.org/cors/-/cors-2.8.5.tgz 1ms (cache hit)
28 http cache object-assign@https://registry.npmjs.org/object-assign/-/object-assign-4.1.1.tgz 0ms (cache hit)
29 silly tarball no local data for cors@https://registry.npmjs.org/cors/-/cors-2.8.5.tgz. Extracting by manifest.
30 silly tarball no local data for object-assign@https://registry.npmjs.org/object-assign/-/object-assign-4.1.1.tgz. Extracting by manifest.
31 http fetch GET 200 https://registry.npmjs.org/object-assign/-/object-assign-4.1.1.tgz 153ms (cache miss)
32 http fetch GET 200 https://registry.npmjs.org/cors/-/cors-2.8.5.tgz 156ms (cache miss)
33 http fetch POST 200 https://registry.npmjs.org/-/npm/v1/security/advisories/bulk 358ms
34 silly audit report {}
35 silly ADD node_modules/object-assign
36 silly ADD node_modules/cors
37 verbose cwd /home/shubh/dev
38 verbose os Linux 5.15.167.4-microsoft-standard-WSL2
39 verbose node v22.14.0
40 verbose npm  v10.9.2
41 verbose exit 0
42 info ok
